

Started GET "/" for ::1 at 2015-09-23 21:21:24 +0100
  [1m[36mActiveRecord::SchemaMigration Load (0.6ms)[0m  [1mSELECT "schema_migrations".* FROM "schema_migrations"[0m
Processing by HomeController#index as HTML
  [1m[35mListing Load (0.9ms)[0m  SELECT "listings".* FROM "listings"  ORDER BY "listings"."created_at" DESC
SQLite3::SQLException: no such table: listings: SELECT "listings".* FROM "listings"  ORDER BY "listings"."created_at" DESC
  Rendered home/index.html.erb within layouts/application (9.3ms)
Completed 500 Internal Server Error in 66ms (ActiveRecord: 0.9ms)

ActionView::Template::Error (SQLite3::SQLException: no such table: listings: SELECT "listings".* FROM "listings"  ORDER BY "listings"."created_at" DESC):
     5: 
     6: <div class="container">
     7:   <div class="boxes">
     8:     <% @listings.each do |q| %>
     9:       <div class="media" data-target="<%= listing_path(q) %>">
    10:         <div class="media-left">
    11:           <a href="#">
  app/views/home/index.html.erb:8:in `_app_views_home_index_html_erb___2746354430853702840_70326146370160'


  Rendered /Users/gaukharmassabayeva/.rvm/gems/ruby-2.2.3/gems/actionpack-4.2.1/lib/action_dispatch/middleware/templates/rescues/_source.erb (10.1ms)
  Rendered /Users/gaukharmassabayeva/.rvm/gems/ruby-2.2.3/gems/actionpack-4.2.1/lib/action_dispatch/middleware/templates/rescues/_trace.html.erb (4.1ms)
  Rendered /Users/gaukharmassabayeva/.rvm/gems/ruby-2.2.3/gems/actionpack-4.2.1/lib/action_dispatch/middleware/templates/rescues/_request_and_response.html.erb (1.0ms)
  Rendered /Users/gaukharmassabayeva/.rvm/gems/ruby-2.2.3/gems/actionpack-4.2.1/lib/action_dispatch/middleware/templates/rescues/template_error.html.erb within rescues/layout (76.5ms)
  Rendered /Users/gaukharmassabayeva/.rvm/gems/ruby-2.2.3/gems/web-console-2.1.2/lib/web_console/templates/_markup.html.erb (4.9ms)
  Rendered /Users/gaukharmassabayeva/.rvm/gems/ruby-2.2.3/gems/web-console-2.1.2/lib/web_console/templates/style.css.erb within layouts/inlined_string (0.3ms)
  Rendered /Users/gaukharmassabayeva/.rvm/gems/ruby-2.2.3/gems/web-console-2.1.2/lib/web_console/templates/_inner_console_markup.html.erb within layouts/inlined_string (0.4ms)
  Rendered /Users/gaukharmassabayeva/.rvm/gems/ruby-2.2.3/gems/web-console-2.1.2/lib/web_console/templates/_prompt_box_markup.html.erb within layouts/inlined_string (0.5ms)
  Rendered /Users/gaukharmassabayeva/.rvm/gems/ruby-2.2.3/gems/web-console-2.1.2/lib/web_console/templates/console.js.erb within layouts/javascript (59.9ms)
  Rendered /Users/gaukharmassabayeva/.rvm/gems/ruby-2.2.3/gems/web-console-2.1.2/lib/web_console/templates/main.js.erb within layouts/javascript (0.4ms)
  Rendered /Users/gaukharmassabayeva/.rvm/gems/ruby-2.2.3/gems/web-console-2.1.2/lib/web_console/templates/error_page.js.erb within layouts/javascript (0.5ms)
  Rendered /Users/gaukharmassabayeva/.rvm/gems/ruby-2.2.3/gems/web-console-2.1.2/lib/web_console/templates/index.html.erb (142.4ms)
  [1m[36mActiveRecord::SchemaMigration Load (0.1ms)[0m  [1mSELECT "schema_migrations".* FROM "schema_migrations"[0m
  [1m[35mActiveRecord::SchemaMigration Load (0.2ms)[0m  SELECT "schema_migrations".* FROM "schema_migrations"


Started GET "/" for ::1 at 2015-09-23 21:28:41 +0100
  [1m[36mActiveRecord::SchemaMigration Load (0.1ms)[0m  [1mSELECT "schema_migrations".* FROM "schema_migrations"[0m
Processing by HomeController#index as HTML
  [1m[35mListing Load (0.8ms)[0m  SELECT "listings".* FROM "listings"  ORDER BY "listings"."created_at" DESC
SQLite3::SQLException: no such table: listings: SELECT "listings".* FROM "listings"  ORDER BY "listings"."created_at" DESC
  Rendered home/index.html.erb within layouts/application (7.4ms)
Completed 500 Internal Server Error in 33ms (ActiveRecord: 0.8ms)

ActionView::Template::Error (SQLite3::SQLException: no such table: listings: SELECT "listings".* FROM "listings"  ORDER BY "listings"."created_at" DESC):
     5: 
     6: <div class="container">
     7:   <div class="boxes">
     8:     <% @listings.each do |q| %>
     9:       <div class="media" data-target="<%= listing_path(q) %>">
    10:         <div class="media-left">
    11:           <a href="#">
  app/views/home/index.html.erb:8:in `_app_views_home_index_html_erb__1911797620325957909_70334610089880'


  Rendered /Users/gaukharmassabayeva/.rvm/gems/ruby-2.2.3/gems/actionpack-4.2.1/lib/action_dispatch/middleware/templates/rescues/_source.erb (9.7ms)
  Rendered /Users/gaukharmassabayeva/.rvm/gems/ruby-2.2.3/gems/actionpack-4.2.1/lib/action_dispatch/middleware/templates/rescues/_trace.html.erb (4.4ms)
  Rendered /Users/gaukharmassabayeva/.rvm/gems/ruby-2.2.3/gems/actionpack-4.2.1/lib/action_dispatch/middleware/templates/rescues/_request_and_response.html.erb (1.2ms)
  Rendered /Users/gaukharmassabayeva/.rvm/gems/ruby-2.2.3/gems/actionpack-4.2.1/lib/action_dispatch/middleware/templates/rescues/template_error.html.erb within rescues/layout (71.6ms)
  Rendered /Users/gaukharmassabayeva/.rvm/gems/ruby-2.2.3/gems/web-console-2.1.2/lib/web_console/templates/_markup.html.erb (4.3ms)
  Rendered /Users/gaukharmassabayeva/.rvm/gems/ruby-2.2.3/gems/web-console-2.1.2/lib/web_console/templates/style.css.erb within layouts/inlined_string (0.3ms)
  Rendered /Users/gaukharmassabayeva/.rvm/gems/ruby-2.2.3/gems/web-console-2.1.2/lib/web_console/templates/_inner_console_markup.html.erb within layouts/inlined_string (0.4ms)
  Rendered /Users/gaukharmassabayeva/.rvm/gems/ruby-2.2.3/gems/web-console-2.1.2/lib/web_console/templates/_prompt_box_markup.html.erb within layouts/inlined_string (0.4ms)
  Rendered /Users/gaukharmassabayeva/.rvm/gems/ruby-2.2.3/gems/web-console-2.1.2/lib/web_console/templates/console.js.erb within layouts/javascript (66.7ms)
  Rendered /Users/gaukharmassabayeva/.rvm/gems/ruby-2.2.3/gems/web-console-2.1.2/lib/web_console/templates/main.js.erb within layouts/javascript (0.4ms)
  Rendered /Users/gaukharmassabayeva/.rvm/gems/ruby-2.2.3/gems/web-console-2.1.2/lib/web_console/templates/error_page.js.erb within layouts/javascript (0.6ms)
  Rendered /Users/gaukharmassabayeva/.rvm/gems/ruby-2.2.3/gems/web-console-2.1.2/lib/web_console/templates/index.html.erb (147.4ms)
  [1m[36m (6.1ms)[0m  [1mCREATE TABLE "schema_migrations" ("version" varchar NOT NULL) [0m
  [1m[35m (0.1ms)[0m  select sqlite_version(*)
  [1m[36m (1.9ms)[0m  [1mCREATE UNIQUE INDEX "unique_schema_migrations" ON "schema_migrations" ("version")[0m
  [1m[35mActiveRecord::SchemaMigration Load (0.1ms)[0m  SELECT "schema_migrations".* FROM "schema_migrations"
Migrating to CreateListings (20150227050106)
  [1m[36m (0.1ms)[0m  [1mbegin transaction[0m
  [1m[35m (0.7ms)[0m  CREATE TABLE "listings" ("id" INTEGER PRIMARY KEY AUTOINCREMENT NOT NULL, "email" varchar NOT NULL, "body" text NOT NULL, "created_at" datetime NOT NULL, "updated_at" datetime NOT NULL) 
  [1m[36mSQL (0.3ms)[0m  [1mINSERT INTO "schema_migrations" ("version") VALUES (?)[0m  [["version", "20150227050106"]]
  [1m[35m (1.9ms)[0m  commit transaction
Migrating to CreateBids (20150301042643)
  [1m[36m (0.1ms)[0m  [1mbegin transaction[0m
  [1m[35m (0.4ms)[0m  CREATE TABLE "bids" ("id" INTEGER PRIMARY KEY AUTOINCREMENT NOT NULL, "listing_id" integer, "email" varchar, "body" text, "created_at" datetime NOT NULL, "updated_at" datetime NOT NULL) 
  [1m[36mSQL (0.1ms)[0m  [1mINSERT INTO "schema_migrations" ("version") VALUES (?)[0m  [["version", "20150301042643"]]
  [1m[35m (1.9ms)[0m  commit transaction
  [1m[36mActiveRecord::SchemaMigration Load (0.1ms)[0m  [1mSELECT "schema_migrations".* FROM "schema_migrations"[0m


Started GET "/" for ::1 at 2015-09-23 21:30:45 +0100
  [1m[36mActiveRecord::SchemaMigration Load (0.1ms)[0m  [1mSELECT "schema_migrations".* FROM "schema_migrations"[0m
Processing by HomeController#index as HTML
  [1m[35mListing Load (0.2ms)[0m  SELECT "listings".* FROM "listings"  ORDER BY "listings"."created_at" DESC
  Rendered home/index.html.erb within layouts/application (3.2ms)
  Rendered home/_navbar.html.erb (0.8ms)
  Rendered home/_new_listing_form.html.erb (1.3ms)
Completed 200 OK in 1716ms (Views: 1700.8ms | ActiveRecord: 0.3ms)


Started GET "/assets/bids-64e62ddc273c2f5847f30d698ca14b67.css?body=1" for ::1 at 2015-09-23 21:30:47 +0100


Started GET "/assets/jquery-87424c3c19e96d4fb033c10ebe21ec40.js?body=1" for ::1 at 2015-09-23 21:30:47 +0100


Started GET "/assets/home-b7ad87f9d318a64680ef8fb33ff47c95.css?body=1" for ::1 at 2015-09-23 21:30:47 +0100


Started GET "/assets/jquery_ujs-e27bd20a10d28155845a22d71ef94f2f.js?body=1" for ::1 at 2015-09-23 21:30:47 +0100


Started GET "/assets/listings-64e62ddc273c2f5847f30d698ca14b67.css?body=1" for ::1 at 2015-09-23 21:30:47 +0100


Started GET "/assets/bids-fcec5b5a277ac7c20cc9f45a209a3bcd.js?body=1" for ::1 at 2015-09-23 21:30:47 +0100


Started GET "/assets/home-0aaa9659b32736d3eec62bd99093767b.js?body=1" for ::1 at 2015-09-23 21:30:47 +0100


Started GET "/assets/turbolinks-f87b3583ca50adb0488b031297f5580d.js?body=1" for ::1 at 2015-09-23 21:30:47 +0100


Started GET "/assets/listings-fcec5b5a277ac7c20cc9f45a209a3bcd.js?body=1" for ::1 at 2015-09-23 21:30:47 +0100


Started GET "/" for ::1 at 2015-09-23 21:32:59 +0100
Processing by HomeController#index as HTML
  [1m[36mListing Load (0.2ms)[0m  [1mSELECT "listings".* FROM "listings"  ORDER BY "listings"."created_at" DESC[0m
  Rendered home/index.html.erb within layouts/application (1.0ms)
  Rendered home/_navbar.html.erb (0.1ms)
  Rendered home/_new_listing_form.html.erb (0.6ms)
Completed 200 OK in 86ms (Views: 84.8ms | ActiveRecord: 0.2ms)


Started GET "/assets/bids-64e62ddc273c2f5847f30d698ca14b67.css?body=1" for ::1 at 2015-09-23 21:32:59 +0100


Started GET "/assets/listings-64e62ddc273c2f5847f30d698ca14b67.css?body=1" for ::1 at 2015-09-23 21:32:59 +0100


Started GET "/" for ::1 at 2015-09-23 21:33:00 +0100
Processing by HomeController#index as HTML
  [1m[35mListing Load (0.2ms)[0m  SELECT "listings".* FROM "listings"  ORDER BY "listings"."created_at" DESC
  Rendered home/index.html.erb within layouts/application (1.0ms)
  Rendered home/_navbar.html.erb (0.1ms)
  Rendered home/_new_listing_form.html.erb (0.3ms)
Completed 200 OK in 80ms (Views: 78.6ms | ActiveRecord: 0.2ms)


Started GET "/" for ::1 at 2015-09-23 21:42:03 +0100
Processing by HomeController#index as HTML
  [1m[36mListing Load (0.2ms)[0m  [1mSELECT "listings".* FROM "listings"  ORDER BY "listings"."created_at" DESC[0m
  Rendered home/index.html.erb within layouts/application (1.5ms)
  Rendered home/_navbar.html.erb (0.5ms)
  Rendered home/_new_listing_form.html.erb (0.4ms)
Completed 200 OK in 63ms (Views: 62.7ms | ActiveRecord: 0.2ms)


Started GET "/" for ::1 at 2015-09-23 21:42:15 +0100
Processing by HomeController#index as HTML
  [1m[35mListing Load (0.2ms)[0m  SELECT "listings".* FROM "listings"  ORDER BY "listings"."created_at" DESC
  Rendered home/index.html.erb within layouts/application (0.6ms)
  Rendered home/_navbar.html.erb (0.1ms)
  Rendered home/_new_listing_form.html.erb (0.4ms)
Completed 200 OK in 72ms (Views: 71.3ms | ActiveRecord: 0.2ms)


Started GET "/" for ::1 at 2015-09-23 21:42:25 +0100
Processing by HomeController#index as HTML
  [1m[36mListing Load (0.2ms)[0m  [1mSELECT "listings".* FROM "listings"  ORDER BY "listings"."created_at" DESC[0m
  Rendered home/index.html.erb within layouts/application (1.2ms)
  Rendered home/_navbar.html.erb (0.1ms)
  Rendered home/_new_listing_form.html.erb (0.5ms)
Completed 200 OK in 66ms (Views: 64.9ms | ActiveRecord: 0.2ms)


Started GET "/" for ::1 at 2015-09-23 21:43:10 +0100
Processing by HomeController#index as HTML
  [1m[35mListing Load (0.3ms)[0m  SELECT "listings".* FROM "listings"  ORDER BY "listings"."created_at" DESC
  Rendered home/index.html.erb within layouts/application (1.5ms)
  Rendered home/_navbar.html.erb (0.1ms)
  Rendered home/_new_listing_form.html.erb (0.3ms)
Completed 200 OK in 73ms (Views: 72.0ms | ActiveRecord: 0.3ms)


Started GET "/" for ::1 at 2015-09-23 21:44:38 +0100
Processing by HomeController#index as HTML
  [1m[36mListing Load (0.3ms)[0m  [1mSELECT "listings".* FROM "listings"  ORDER BY "listings"."created_at" DESC[0m
  Rendered home/index.html.erb within layouts/application (1.5ms)
  Rendered home/_navbar.html.erb (0.1ms)
  Rendered home/_new_listing_form.html.erb (1.0ms)
Completed 200 OK in 66ms (Views: 65.1ms | ActiveRecord: 0.3ms)


Started GET "/" for ::1 at 2015-09-23 21:44:44 +0100
Processing by HomeController#index as HTML
  [1m[35mListing Load (0.2ms)[0m  SELECT "listings".* FROM "listings"  ORDER BY "listings"."created_at" DESC
  Rendered home/index.html.erb within layouts/application (0.6ms)
  Rendered home/_navbar.html.erb (0.1ms)
  Rendered home/_new_listing_form.html.erb (0.6ms)
Completed 200 OK in 90ms (Views: 89.3ms | ActiveRecord: 0.2ms)


Started GET "/" for ::1 at 2015-09-23 21:44:44 +0100
Processing by HomeController#index as HTML
  [1m[36mListing Load (0.2ms)[0m  [1mSELECT "listings".* FROM "listings"  ORDER BY "listings"."created_at" DESC[0m
  Rendered home/index.html.erb within layouts/application (0.6ms)
  Rendered home/_navbar.html.erb (0.1ms)
  Rendered home/_new_listing_form.html.erb (0.3ms)
Completed 200 OK in 66ms (Views: 64.7ms | ActiveRecord: 0.2ms)


Started POST "/listings" for ::1 at 2015-09-23 21:45:18 +0100
Processing by ListingsController#create as HTML
  Parameters: {"utf8"=>"✓", "authenticity_token"=>"urdODB4ZoOSwW4ML2qSaTwXSDOJyILLgqxQuYRPMwbCXGcFC4oRuCKfdgQS5ojLuZSTWICrVFeXOxviAEhYWRw==", "listing"=>{"email"=>"gaukhar@gmail.com", "body"=>"Fly to the moon"}}
  [1m[35m (0.1ms)[0m  begin transaction
  [1m[36mSQL (0.5ms)[0m  [1mINSERT INTO "listings" ("email", "body", "created_at", "updated_at") VALUES (?, ?, ?, ?)[0m  [["email", "gaukhar@gmail.com"], ["body", "Fly to the moon"], ["created_at", "2015-09-23 20:45:18.041204"], ["updated_at", "2015-09-23 20:45:18.041204"]]
  [1m[35m (6.1ms)[0m  commit transaction
Redirected to http://localhost:3000/
Completed 302 Found in 21ms (ActiveRecord: 7.0ms)


Started GET "/" for ::1 at 2015-09-23 21:45:18 +0100
Processing by HomeController#index as HTML
  [1m[36mListing Load (0.3ms)[0m  [1mSELECT "listings".* FROM "listings"  ORDER BY "listings"."created_at" DESC[0m
  Rendered home/index.html.erb within layouts/application (13.2ms)
  Rendered home/_navbar.html.erb (0.1ms)
  Rendered home/_new_listing_form.html.erb (0.3ms)
Completed 200 OK in 98ms (Views: 96.5ms | ActiveRecord: 0.3ms)


Started GET "/" for ::1 at 2015-09-23 21:45:50 +0100
Processing by HomeController#index as HTML
  [1m[35mListing Load (0.3ms)[0m  SELECT "listings".* FROM "listings"  ORDER BY "listings"."created_at" DESC
  Rendered home/index.html.erb within layouts/application (1.8ms)
  Rendered home/_navbar.html.erb (0.1ms)
  Rendered home/_new_listing_form.html.erb (0.3ms)
Completed 200 OK in 67ms (Views: 66.4ms | ActiveRecord: 0.3ms)


Started GET "/" for ::1 at 2015-09-23 21:46:05 +0100
Processing by HomeController#index as HTML
  [1m[36mListing Load (0.2ms)[0m  [1mSELECT "listings".* FROM "listings"  ORDER BY "listings"."created_at" DESC[0m
  Rendered home/index.html.erb within layouts/application (1.9ms)
  Rendered home/_navbar.html.erb (0.1ms)
  Rendered home/_new_listing_form.html.erb (0.4ms)
Completed 200 OK in 75ms (Views: 74.7ms | ActiveRecord: 0.2ms)


Started GET "/listings/1" for ::1 at 2015-09-23 21:46:06 +0100
Processing by ListingsController#show as HTML
  Parameters: {"id"=>"1"}
  [1m[35mListing Load (0.2ms)[0m  SELECT  "listings".* FROM "listings" WHERE "listings"."id" = ? LIMIT 1  [["id", 1]]
  Rendered home/_new_bid_form.html.erb (1.0ms)
  [1m[36mBid Load (0.3ms)[0m  [1mSELECT "bids".* FROM "bids" WHERE "bids"."listing_id" = ?  ORDER BY "bids"."created_at" DESC[0m  [["listing_id", 1]]
  Rendered listings/show.html.erb within layouts/application (4.5ms)
  Rendered home/_navbar.html.erb (0.1ms)
  Rendered home/_new_listing_form.html.erb (0.4ms)
Completed 200 OK in 92ms (Views: 68.8ms | ActiveRecord: 0.6ms)


Started POST "/bids" for ::1 at 2015-09-23 21:46:19 +0100
Processing by BidsController#create as HTML
  Parameters: {"utf8"=>"✓", "authenticity_token"=>"f1o+qI1GEB79QOJEG/wRNH9tODIJZwef8Xq9Rf196MpS9LHmcdve8urG4Et4+rmVH5vi8FGSoJqUqGuk/Kc/PQ==", "bid"=>{"listing_id"=>"1", "email"=>"gaukhar@gmail.com", "body"=>"£100000000000"}}
  [1m[35mListing Load (0.1ms)[0m  SELECT  "listings".* FROM "listings" WHERE "listings"."id" = ? LIMIT 1  [["id", 1]]
Unpermitted parameter: listing_id
  [1m[36m (0.1ms)[0m  [1mbegin transaction[0m
  [1m[35mSQL (0.4ms)[0m  INSERT INTO "bids" ("email", "body", "listing_id", "created_at", "updated_at") VALUES (?, ?, ?, ?, ?)  [["email", "gaukhar@gmail.com"], ["body", "£100000000000"], ["listing_id", 1], ["created_at", "2015-09-23 20:46:19.599812"], ["updated_at", "2015-09-23 20:46:19.599812"]]
  [1m[36m (6.1ms)[0m  [1mcommit transaction[0m
[ActiveJob] Enqueued ActionMailer::DeliveryJob (Job ID: 4a40ec6c-d590-4298-85a4-d9dcbbed02d1) to SuckerPunch(mailers) with arguments: "MainMailer", "notify_listing_author", "deliver_now", gid://hu/Bid/1
Unpermitted parameter: listing_id
Redirected to http://localhost:3000/listings/1
Completed 302 Found in 71ms (ActiveRecord: 6.8ms)
  [1m[35mBid Load (0.2ms)[0m  SELECT  "bids".* FROM "bids" WHERE "bids"."id" = ? LIMIT 1  [["id", 1]]
[ActiveJob] [ActionMailer::DeliveryJob] [4a40ec6c-d590-4298-85a4-d9dcbbed02d1] Performing ActionMailer::DeliveryJob from SuckerPunch(mailers) with arguments: "MainMailer", "notify_listing_author", "deliver_now", gid://hu/Bid/1


Started GET "/listings/1" for ::1 at 2015-09-23 21:46:19 +0100
Processing by ListingsController#show as HTML
  Parameters: {"id"=>"1"}
  [1m[36mListing Load (0.4ms)[0m  [1mSELECT  "listings".* FROM "listings" WHERE "listings"."id" = ? LIMIT 1[0m  [["id", 1]]
  Rendered home/_new_bid_form.html.erb (0.3ms)
  [1m[35mBid Load (0.2ms)[0m  SELECT "bids".* FROM "bids" WHERE "bids"."listing_id" = ?  ORDER BY "bids"."created_at" DESC  [["listing_id", 1]]
  Rendered listings/show.html.erb within layouts/application (3.0ms)
  Rendered home/_navbar.html.erb (0.1ms)
  Rendered home/_new_listing_form.html.erb (0.2ms)
Completed 200 OK in 70ms (Views: 66.7ms | ActiveRecord: 0.8ms)
[ActiveJob] [ActionMailer::DeliveryJob] [4a40ec6c-d590-4298-85a4-d9dcbbed02d1]   [1m[36mListing Load (0.2ms)[0m  [1mSELECT  "listings".* FROM "listings" WHERE "listings"."id" = ? LIMIT 1[0m  [["id", 1]]
[ActiveJob] [ActionMailer::DeliveryJob] [4a40ec6c-d590-4298-85a4-d9dcbbed02d1]   Rendered main_mailer/notify_listing_author.html.erb within layouts/mailer (0.6ms)
[ActiveJob] [ActionMailer::DeliveryJob] [4a40ec6c-d590-4298-85a4-d9dcbbed02d1]   Rendered main_mailer/notify_listing_author.text.erb within layouts/mailer (0.8ms)
[ActiveJob] [ActionMailer::DeliveryJob] [4a40ec6c-d590-4298-85a4-d9dcbbed02d1] 
MainMailer#notify_listing_author: processed outbound mail in 5352.2ms
[ActiveJob] [ActionMailer::DeliveryJob] [4a40ec6c-d590-4298-85a4-d9dcbbed02d1] 
Sent mail to gaukhar@gmail.com (21.0ms)
[ActiveJob] [ActionMailer::DeliveryJob] [4a40ec6c-d590-4298-85a4-d9dcbbed02d1] Date: Wed, 23 Sep 2015 21:46:25 +0100
From: gaukhar@gmail.com
To: gaukhar@gmail.com
Message-ID: <56030fa191aa_aa7d3febafdd4ae87038@Gaukhars-MacBook-Pro.local.mail>
Subject: New bid to your listing
Mime-Version: 1.0
Content-Type: multipart/alternative;
 boundary="--==_mimepart_56030fa15190_aa7d3febafdd4ae8702df";
 charset=UTF-8
Content-Transfer-Encoding: 7bit


----==_mimepart_56030fa15190_aa7d3febafdd4ae8702df
Content-Type: text/plain;
 charset=UTF-8
Content-Transfer-Encoding: quoted-printable

Hi,

My bid:

=C2=A3100000000000


----==_mimepart_56030fa15190_aa7d3febafdd4ae8702df
Content-Type: text/html;
 charset=UTF-8
Content-Transfer-Encoding: quoted-printable

<html>
  <body>
    Hi,

<h3>My bid:</h3>

<p>
  =C2=A3100000000000
</p>

  </body>
</html>

----==_mimepart_56030fa15190_aa7d3febafdd4ae8702df--

[ActiveJob] [ActionMailer::DeliveryJob] [4a40ec6c-d590-4298-85a4-d9dcbbed02d1] Performed ActionMailer::DeliveryJob from SuckerPunch(mailers) in 5374.43ms


Started GET "/listings/undefined" for ::1 at 2015-09-23 21:46:26 +0100
Processing by ListingsController#show as HTML
  Parameters: {"id"=>"undefined"}
  [1m[35mListing Load (0.1ms)[0m  SELECT  "listings".* FROM "listings" WHERE "listings"."id" = ? LIMIT 1  [["id", 0]]
Completed 404 Not Found in 1ms (ActiveRecord: 0.1ms)

ActiveRecord::RecordNotFound (Couldn't find Listing with 'id'=undefined):
  app/controllers/listings_controller.rb:4:in `show'


  Rendered /Users/gaukharmassabayeva/.rvm/gems/ruby-2.2.3/gems/actionpack-4.2.1/lib/action_dispatch/middleware/templates/rescues/_source.erb (4.9ms)
  Rendered /Users/gaukharmassabayeva/.rvm/gems/ruby-2.2.3/gems/actionpack-4.2.1/lib/action_dispatch/middleware/templates/rescues/_trace.html.erb (2.3ms)
  Rendered /Users/gaukharmassabayeva/.rvm/gems/ruby-2.2.3/gems/actionpack-4.2.1/lib/action_dispatch/middleware/templates/rescues/_request_and_response.html.erb (1.0ms)
  Rendered /Users/gaukharmassabayeva/.rvm/gems/ruby-2.2.3/gems/actionpack-4.2.1/lib/action_dispatch/middleware/templates/rescues/diagnostics.html.erb within rescues/layout (62.7ms)
  Rendered /Users/gaukharmassabayeva/.rvm/gems/ruby-2.2.3/gems/web-console-2.1.2/lib/web_console/templates/_markup.html.erb (0.5ms)
  Rendered /Users/gaukharmassabayeva/.rvm/gems/ruby-2.2.3/gems/web-console-2.1.2/lib/web_console/templates/style.css.erb within layouts/inlined_string (0.4ms)
  Rendered /Users/gaukharmassabayeva/.rvm/gems/ruby-2.2.3/gems/web-console-2.1.2/lib/web_console/templates/_inner_console_markup.html.erb within layouts/inlined_string (0.4ms)
  Rendered /Users/gaukharmassabayeva/.rvm/gems/ruby-2.2.3/gems/web-console-2.1.2/lib/web_console/templates/_prompt_box_markup.html.erb within layouts/inlined_string (0.4ms)
  Rendered /Users/gaukharmassabayeva/.rvm/gems/ruby-2.2.3/gems/web-console-2.1.2/lib/web_console/templates/console.js.erb within layouts/javascript (54.4ms)
  Rendered /Users/gaukharmassabayeva/.rvm/gems/ruby-2.2.3/gems/web-console-2.1.2/lib/web_console/templates/main.js.erb within layouts/javascript (0.5ms)
  Rendered /Users/gaukharmassabayeva/.rvm/gems/ruby-2.2.3/gems/web-console-2.1.2/lib/web_console/templates/error_page.js.erb within layouts/javascript (0.5ms)
  Rendered /Users/gaukharmassabayeva/.rvm/gems/ruby-2.2.3/gems/web-console-2.1.2/lib/web_console/templates/index.html.erb (124.2ms)
Terminating 3 actors...
Terminating task: type=:finalizer, meta={:method_name=>:__shutdown__}, status=:receiving
	Celluloid::TaskFiber backtrace unavailable. Please try `Celluloid.task_class = Celluloid::TaskThread` if you need backtraces here.


Started GET "/listings/undefined" for ::1 at 2015-09-23 21:53:06 +0100
  [1m[36mActiveRecord::SchemaMigration Load (0.1ms)[0m  [1mSELECT "schema_migrations".* FROM "schema_migrations"[0m
Processing by ListingsController#show as HTML
  Parameters: {"id"=>"undefined"}
  [1m[35mListing Load (0.2ms)[0m  SELECT  "listings".* FROM "listings" WHERE "listings"."id" = ? LIMIT 1  [["id", 0]]
Completed 404 Not Found in 26ms (ActiveRecord: 0.6ms)

ActiveRecord::RecordNotFound (Couldn't find Listing with 'id'=undefined):
  app/controllers/listings_controller.rb:4:in `show'


  Rendered /Users/gaukharmassabayeva/.rvm/gems/ruby-2.2.3/gems/actionpack-4.2.1/lib/action_dispatch/middleware/templates/rescues/_source.erb (6.5ms)
  Rendered /Users/gaukharmassabayeva/.rvm/gems/ruby-2.2.3/gems/actionpack-4.2.1/lib/action_dispatch/middleware/templates/rescues/_trace.html.erb (2.5ms)
  Rendered /Users/gaukharmassabayeva/.rvm/gems/ruby-2.2.3/gems/actionpack-4.2.1/lib/action_dispatch/middleware/templates/rescues/_request_and_response.html.erb (1.2ms)
  Rendered /Users/gaukharmassabayeva/.rvm/gems/ruby-2.2.3/gems/actionpack-4.2.1/lib/action_dispatch/middleware/templates/rescues/diagnostics.html.erb within rescues/layout (69.4ms)
  Rendered /Users/gaukharmassabayeva/.rvm/gems/ruby-2.2.3/gems/web-console-2.1.2/lib/web_console/templates/_markup.html.erb (0.5ms)
  Rendered /Users/gaukharmassabayeva/.rvm/gems/ruby-2.2.3/gems/web-console-2.1.2/lib/web_console/templates/style.css.erb within layouts/inlined_string (0.4ms)
  Rendered /Users/gaukharmassabayeva/.rvm/gems/ruby-2.2.3/gems/web-console-2.1.2/lib/web_console/templates/_inner_console_markup.html.erb within layouts/inlined_string (0.5ms)
  Rendered /Users/gaukharmassabayeva/.rvm/gems/ruby-2.2.3/gems/web-console-2.1.2/lib/web_console/templates/_prompt_box_markup.html.erb within layouts/inlined_string (0.3ms)
  Rendered /Users/gaukharmassabayeva/.rvm/gems/ruby-2.2.3/gems/web-console-2.1.2/lib/web_console/templates/console.js.erb within layouts/javascript (65.1ms)
  Rendered /Users/gaukharmassabayeva/.rvm/gems/ruby-2.2.3/gems/web-console-2.1.2/lib/web_console/templates/main.js.erb within layouts/javascript (0.4ms)
  Rendered /Users/gaukharmassabayeva/.rvm/gems/ruby-2.2.3/gems/web-console-2.1.2/lib/web_console/templates/error_page.js.erb within layouts/javascript (0.5ms)
  Rendered /Users/gaukharmassabayeva/.rvm/gems/ruby-2.2.3/gems/web-console-2.1.2/lib/web_console/templates/index.html.erb (135.8ms)


Started GET "/listings/1" for ::1 at 2015-09-23 21:53:10 +0100
Processing by ListingsController#show as HTML
  Parameters: {"id"=>"1"}
  [1m[36mListing Load (0.1ms)[0m  [1mSELECT  "listings".* FROM "listings" WHERE "listings"."id" = ? LIMIT 1[0m  [["id", 1]]
  Rendered home/_new_bid_form.html.erb (0.9ms)
  [1m[35mBid Load (0.2ms)[0m  SELECT "bids".* FROM "bids" WHERE "bids"."listing_id" = ?  ORDER BY "bids"."created_at" DESC  [["listing_id", 1]]
  Rendered listings/show.html.erb within layouts/application (21.0ms)
  Rendered home/_navbar.html.erb (0.4ms)
  Rendered home/_new_listing_form.html.erb (0.7ms)
Completed 200 OK in 193ms (Views: 172.5ms | ActiveRecord: 0.7ms)


Started GET "/listings" for ::1 at 2015-09-23 21:53:10 +0100

AbstractController::ActionNotFound (The action 'index' could not be found for ListingsController):
  actionpack (4.2.1) lib/abstract_controller/base.rb:132:in `process'
  actionview (4.2.1) lib/action_view/rendering.rb:30:in `process'
  actionpack (4.2.1) lib/action_controller/metal.rb:196:in `dispatch'
  actionpack (4.2.1) lib/action_controller/metal/rack_delegation.rb:13:in `dispatch'
  actionpack (4.2.1) lib/action_controller/metal.rb:237:in `block in action'
  actionpack (4.2.1) lib/action_dispatch/routing/route_set.rb:74:in `call'
  actionpack (4.2.1) lib/action_dispatch/routing/route_set.rb:74:in `dispatch'
  actionpack (4.2.1) lib/action_dispatch/routing/route_set.rb:43:in `serve'
  actionpack (4.2.1) lib/action_dispatch/journey/router.rb:43:in `block in serve'
  actionpack (4.2.1) lib/action_dispatch/journey/router.rb:30:in `each'
  actionpack (4.2.1) lib/action_dispatch/journey/router.rb:30:in `serve'
  actionpack (4.2.1) lib/action_dispatch/routing/route_set.rb:819:in `call'
  rack (1.6.0) lib/rack/etag.rb:24:in `call'
  rack (1.6.0) lib/rack/conditionalget.rb:25:in `call'
  rack (1.6.0) lib/rack/head.rb:13:in `call'
  actionpack (4.2.1) lib/action_dispatch/middleware/params_parser.rb:27:in `call'
  actionpack (4.2.1) lib/action_dispatch/middleware/flash.rb:260:in `call'
  rack (1.6.0) lib/rack/session/abstract/id.rb:225:in `context'
  rack (1.6.0) lib/rack/session/abstract/id.rb:220:in `call'
  actionpack (4.2.1) lib/action_dispatch/middleware/cookies.rb:560:in `call'
  activerecord (4.2.1) lib/active_record/query_cache.rb:36:in `call'
  activerecord (4.2.1) lib/active_record/connection_adapters/abstract/connection_pool.rb:649:in `call'
  activerecord (4.2.1) lib/active_record/migration.rb:378:in `call'
  actionpack (4.2.1) lib/action_dispatch/middleware/callbacks.rb:29:in `block in call'
  activesupport (4.2.1) lib/active_support/callbacks.rb:88:in `call'
  activesupport (4.2.1) lib/active_support/callbacks.rb:88:in `_run_callbacks'
  activesupport (4.2.1) lib/active_support/callbacks.rb:776:in `_run_call_callbacks'
  activesupport (4.2.1) lib/active_support/callbacks.rb:81:in `run_callbacks'
  actionpack (4.2.1) lib/action_dispatch/middleware/callbacks.rb:27:in `call'
  actionpack (4.2.1) lib/action_dispatch/middleware/reloader.rb:73:in `call'
  actionpack (4.2.1) lib/action_dispatch/middleware/remote_ip.rb:78:in `call'
  actionpack (4.2.1) lib/action_dispatch/middleware/debug_exceptions.rb:17:in `call'
  web-console (2.1.2) lib/web_console/middleware.rb:37:in `call'
  actionpack (4.2.1) lib/action_dispatch/middleware/show_exceptions.rb:30:in `call'
  railties (4.2.1) lib/rails/rack/logger.rb:38:in `call_app'
  railties (4.2.1) lib/rails/rack/logger.rb:20:in `block in call'
  activesupport (4.2.1) lib/active_support/tagged_logging.rb:68:in `block in tagged'
  activesupport (4.2.1) lib/active_support/tagged_logging.rb:26:in `tagged'
  activesupport (4.2.1) lib/active_support/tagged_logging.rb:68:in `tagged'
  railties (4.2.1) lib/rails/rack/logger.rb:20:in `call'
  actionpack (4.2.1) lib/action_dispatch/middleware/request_id.rb:21:in `call'
  rack (1.6.0) lib/rack/methodoverride.rb:22:in `call'
  rack (1.6.0) lib/rack/runtime.rb:18:in `call'
  activesupport (4.2.1) lib/active_support/cache/strategy/local_cache_middleware.rb:28:in `call'
  rack (1.6.0) lib/rack/lock.rb:17:in `call'
  actionpack (4.2.1) lib/action_dispatch/middleware/static.rb:113:in `call'
  rack (1.6.0) lib/rack/sendfile.rb:113:in `call'
  railties (4.2.1) lib/rails/engine.rb:518:in `call'
  railties (4.2.1) lib/rails/application.rb:164:in `call'
  rack (1.6.0) lib/rack/lock.rb:17:in `call'
  rack (1.6.0) lib/rack/content_length.rb:15:in `call'
  rack (1.6.0) lib/rack/handler/webrick.rb:89:in `service'
  /Users/gaukharmassabayeva/.rvm/rubies/ruby-2.2.3/lib/ruby/2.2.0/webrick/httpserver.rb:138:in `service'
  /Users/gaukharmassabayeva/.rvm/rubies/ruby-2.2.3/lib/ruby/2.2.0/webrick/httpserver.rb:94:in `run'
  /Users/gaukharmassabayeva/.rvm/rubies/ruby-2.2.3/lib/ruby/2.2.0/webrick/server.rb:294:in `block in start_thread'


  Rendered /Users/gaukharmassabayeva/.rvm/gems/ruby-2.2.3/gems/actionpack-4.2.1/lib/action_dispatch/middleware/templates/rescues/unknown_action.html.erb within rescues/layout (0.7ms)
  Rendered /Users/gaukharmassabayeva/.rvm/gems/ruby-2.2.3/gems/web-console-2.1.2/lib/web_console/templates/_markup.html.erb (0.4ms)
  Rendered /Users/gaukharmassabayeva/.rvm/gems/ruby-2.2.3/gems/web-console-2.1.2/lib/web_console/templates/style.css.erb within layouts/inlined_string (0.4ms)
  Rendered /Users/gaukharmassabayeva/.rvm/gems/ruby-2.2.3/gems/web-console-2.1.2/lib/web_console/templates/_inner_console_markup.html.erb within layouts/inlined_string (0.4ms)
  Rendered /Users/gaukharmassabayeva/.rvm/gems/ruby-2.2.3/gems/web-console-2.1.2/lib/web_console/templates/_prompt_box_markup.html.erb within layouts/inlined_string (0.5ms)
  Rendered /Users/gaukharmassabayeva/.rvm/gems/ruby-2.2.3/gems/web-console-2.1.2/lib/web_console/templates/console.js.erb within layouts/javascript (58.5ms)
  Rendered /Users/gaukharmassabayeva/.rvm/gems/ruby-2.2.3/gems/web-console-2.1.2/lib/web_console/templates/main.js.erb within layouts/javascript (0.5ms)
  Rendered /Users/gaukharmassabayeva/.rvm/gems/ruby-2.2.3/gems/web-console-2.1.2/lib/web_console/templates/error_page.js.erb within layouts/javascript (0.5ms)
  Rendered /Users/gaukharmassabayeva/.rvm/gems/ruby-2.2.3/gems/web-console-2.1.2/lib/web_console/templates/index.html.erb (146.9ms)


Started GET "/listings" for ::1 at 2015-09-23 21:53:10 +0100

AbstractController::ActionNotFound (The action 'index' could not be found for ListingsController):
  actionpack (4.2.1) lib/abstract_controller/base.rb:132:in `process'
  actionview (4.2.1) lib/action_view/rendering.rb:30:in `process'
  actionpack (4.2.1) lib/action_controller/metal.rb:196:in `dispatch'
  actionpack (4.2.1) lib/action_controller/metal/rack_delegation.rb:13:in `dispatch'
  actionpack (4.2.1) lib/action_controller/metal.rb:237:in `block in action'
  actionpack (4.2.1) lib/action_dispatch/routing/route_set.rb:74:in `call'
  actionpack (4.2.1) lib/action_dispatch/routing/route_set.rb:74:in `dispatch'
  actionpack (4.2.1) lib/action_dispatch/routing/route_set.rb:43:in `serve'
  actionpack (4.2.1) lib/action_dispatch/journey/router.rb:43:in `block in serve'
  actionpack (4.2.1) lib/action_dispatch/journey/router.rb:30:in `each'
  actionpack (4.2.1) lib/action_dispatch/journey/router.rb:30:in `serve'
  actionpack (4.2.1) lib/action_dispatch/routing/route_set.rb:819:in `call'
  rack (1.6.0) lib/rack/etag.rb:24:in `call'
  rack (1.6.0) lib/rack/conditionalget.rb:25:in `call'
  rack (1.6.0) lib/rack/head.rb:13:in `call'
  actionpack (4.2.1) lib/action_dispatch/middleware/params_parser.rb:27:in `call'
  actionpack (4.2.1) lib/action_dispatch/middleware/flash.rb:260:in `call'
  rack (1.6.0) lib/rack/session/abstract/id.rb:225:in `context'
  rack (1.6.0) lib/rack/session/abstract/id.rb:220:in `call'
  actionpack (4.2.1) lib/action_dispatch/middleware/cookies.rb:560:in `call'
  activerecord (4.2.1) lib/active_record/query_cache.rb:36:in `call'
  activerecord (4.2.1) lib/active_record/connection_adapters/abstract/connection_pool.rb:649:in `call'
  activerecord (4.2.1) lib/active_record/migration.rb:378:in `call'
  actionpack (4.2.1) lib/action_dispatch/middleware/callbacks.rb:29:in `block in call'
  activesupport (4.2.1) lib/active_support/callbacks.rb:88:in `call'
  activesupport (4.2.1) lib/active_support/callbacks.rb:88:in `_run_callbacks'
  activesupport (4.2.1) lib/active_support/callbacks.rb:776:in `_run_call_callbacks'
  activesupport (4.2.1) lib/active_support/callbacks.rb:81:in `run_callbacks'
  actionpack (4.2.1) lib/action_dispatch/middleware/callbacks.rb:27:in `call'
  actionpack (4.2.1) lib/action_dispatch/middleware/reloader.rb:73:in `call'
  actionpack (4.2.1) lib/action_dispatch/middleware/remote_ip.rb:78:in `call'
  actionpack (4.2.1) lib/action_dispatch/middleware/debug_exceptions.rb:17:in `call'
  web-console (2.1.2) lib/web_console/middleware.rb:37:in `call'
  actionpack (4.2.1) lib/action_dispatch/middleware/show_exceptions.rb:30:in `call'
  railties (4.2.1) lib/rails/rack/logger.rb:38:in `call_app'
  railties (4.2.1) lib/rails/rack/logger.rb:20:in `block in call'
  activesupport (4.2.1) lib/active_support/tagged_logging.rb:68:in `block in tagged'
  activesupport (4.2.1) lib/active_support/tagged_logging.rb:26:in `tagged'
  activesupport (4.2.1) lib/active_support/tagged_logging.rb:68:in `tagged'
  railties (4.2.1) lib/rails/rack/logger.rb:20:in `call'
  actionpack (4.2.1) lib/action_dispatch/middleware/request_id.rb:21:in `call'
  rack (1.6.0) lib/rack/methodoverride.rb:22:in `call'
  rack (1.6.0) lib/rack/runtime.rb:18:in `call'
  activesupport (4.2.1) lib/active_support/cache/strategy/local_cache_middleware.rb:28:in `call'
  rack (1.6.0) lib/rack/lock.rb:17:in `call'
  actionpack (4.2.1) lib/action_dispatch/middleware/static.rb:113:in `call'
  rack (1.6.0) lib/rack/sendfile.rb:113:in `call'
  railties (4.2.1) lib/rails/engine.rb:518:in `call'
  railties (4.2.1) lib/rails/application.rb:164:in `call'
  rack (1.6.0) lib/rack/lock.rb:17:in `call'
  rack (1.6.0) lib/rack/content_length.rb:15:in `call'
  rack (1.6.0) lib/rack/handler/webrick.rb:89:in `service'
  /Users/gaukharmassabayeva/.rvm/rubies/ruby-2.2.3/lib/ruby/2.2.0/webrick/httpserver.rb:138:in `service'
  /Users/gaukharmassabayeva/.rvm/rubies/ruby-2.2.3/lib/ruby/2.2.0/webrick/httpserver.rb:94:in `run'
  /Users/gaukharmassabayeva/.rvm/rubies/ruby-2.2.3/lib/ruby/2.2.0/webrick/server.rb:294:in `block in start_thread'


  Rendered /Users/gaukharmassabayeva/.rvm/gems/ruby-2.2.3/gems/actionpack-4.2.1/lib/action_dispatch/middleware/templates/rescues/unknown_action.html.erb within rescues/layout (0.4ms)
  Rendered /Users/gaukharmassabayeva/.rvm/gems/ruby-2.2.3/gems/web-console-2.1.2/lib/web_console/templates/_markup.html.erb (0.6ms)
  Rendered /Users/gaukharmassabayeva/.rvm/gems/ruby-2.2.3/gems/web-console-2.1.2/lib/web_console/templates/style.css.erb within layouts/inlined_string (0.4ms)
  Rendered /Users/gaukharmassabayeva/.rvm/gems/ruby-2.2.3/gems/web-console-2.1.2/lib/web_console/templates/_inner_console_markup.html.erb within layouts/inlined_string (0.4ms)
  Rendered /Users/gaukharmassabayeva/.rvm/gems/ruby-2.2.3/gems/web-console-2.1.2/lib/web_console/templates/_prompt_box_markup.html.erb within layouts/inlined_string (0.4ms)
  Rendered /Users/gaukharmassabayeva/.rvm/gems/ruby-2.2.3/gems/web-console-2.1.2/lib/web_console/templates/console.js.erb within layouts/javascript (55.6ms)
  Rendered /Users/gaukharmassabayeva/.rvm/gems/ruby-2.2.3/gems/web-console-2.1.2/lib/web_console/templates/main.js.erb within layouts/javascript (0.5ms)
  Rendered /Users/gaukharmassabayeva/.rvm/gems/ruby-2.2.3/gems/web-console-2.1.2/lib/web_console/templates/error_page.js.erb within layouts/javascript (0.5ms)
  Rendered /Users/gaukharmassabayeva/.rvm/gems/ruby-2.2.3/gems/web-console-2.1.2/lib/web_console/templates/index.html.erb (125.3ms)


Started GET "/listings/1" for ::1 at 2015-09-23 21:53:22 +0100
Processing by ListingsController#show as HTML
  Parameters: {"id"=>"1"}
  [1m[36mListing Load (0.1ms)[0m  [1mSELECT  "listings".* FROM "listings" WHERE "listings"."id" = ? LIMIT 1[0m  [["id", 1]]
  Rendered home/_new_bid_form.html.erb (0.3ms)
  [1m[35mBid Load (0.1ms)[0m  SELECT "bids".* FROM "bids" WHERE "bids"."listing_id" = ?  ORDER BY "bids"."created_at" DESC  [["listing_id", 1]]
  Rendered listings/show.html.erb within layouts/application (2.8ms)
  Rendered home/_navbar.html.erb (0.1ms)
  Rendered home/_new_listing_form.html.erb (0.4ms)
Completed 200 OK in 61ms (Views: 58.6ms | ActiveRecord: 0.2ms)


Started GET "/assets/bids-64e62ddc273c2f5847f30d698ca14b67.css?body=1" for ::1 at 2015-09-23 21:53:22 +0100


Started GET "/assets/listings-64e62ddc273c2f5847f30d698ca14b67.css?body=1" for ::1 at 2015-09-23 21:53:23 +0100


Started GET "/" for ::1 at 2015-09-23 21:53:24 +0100
Processing by HomeController#index as HTML
  [1m[36mListing Load (0.2ms)[0m  [1mSELECT "listings".* FROM "listings"  ORDER BY "listings"."created_at" DESC[0m
  Rendered home/index.html.erb within layouts/application (2.1ms)
  Rendered home/_navbar.html.erb (0.2ms)
  Rendered home/_new_listing_form.html.erb (1.5ms)
Completed 200 OK in 72ms (Views: 70.8ms | ActiveRecord: 0.2ms)


Started GET "/" for ::1 at 2015-09-23 21:53:24 +0100
Processing by HomeController#index as HTML
  [1m[35mListing Load (0.3ms)[0m  SELECT "listings".* FROM "listings"  ORDER BY "listings"."created_at" DESC
  Rendered home/index.html.erb within layouts/application (1.5ms)
  Rendered home/_navbar.html.erb (0.1ms)
  Rendered home/_new_listing_form.html.erb (0.3ms)
Completed 200 OK in 70ms (Views: 67.6ms | ActiveRecord: 0.3ms)


Started GET "/listings/1" for ::1 at 2015-09-23 21:53:43 +0100
Processing by ListingsController#show as HTML
  Parameters: {"id"=>"1"}
  [1m[36mListing Load (0.2ms)[0m  [1mSELECT  "listings".* FROM "listings" WHERE "listings"."id" = ? LIMIT 1[0m  [["id", 1]]
  Rendered home/_new_bid_form.html.erb (0.5ms)
  [1m[35mBid Load (0.2ms)[0m  SELECT "bids".* FROM "bids" WHERE "bids"."listing_id" = ?  ORDER BY "bids"."created_at" DESC  [["listing_id", 1]]
  Rendered listings/show.html.erb within layouts/application (3.0ms)
  Rendered home/_navbar.html.erb (0.1ms)
  Rendered home/_new_listing_form.html.erb (0.3ms)
Completed 200 OK in 77ms (Views: 75.2ms | ActiveRecord: 0.3ms)


Started POST "/bids" for ::1 at 2015-09-23 21:54:04 +0100
Processing by BidsController#create as HTML
  Parameters: {"utf8"=>"✓", "authenticity_token"=>"3hmnkq76IdhtJ1agmOMofz3b5EEAalih54SMeMcfQjrztyjcUmfvNHqhVK/75YDeXS0+g1if/6SCVlqZxsWVzQ==", "bid"=>{"listing_id"=>"1", "email"=>"tim@gmail.com", "body"=>"£900000000000000000"}}
  [1m[36mListing Load (0.1ms)[0m  [1mSELECT  "listings".* FROM "listings" WHERE "listings"."id" = ? LIMIT 1[0m  [["id", 1]]
Unpermitted parameter: listing_id
  [1m[35m (0.1ms)[0m  begin transaction
  [1m[36mSQL (0.7ms)[0m  [1mINSERT INTO "bids" ("email", "body", "listing_id", "created_at", "updated_at") VALUES (?, ?, ?, ?, ?)[0m  [["email", "tim@gmail.com"], ["body", "£900000000000000000"], ["listing_id", 1], ["created_at", "2015-09-23 20:54:04.386548"], ["updated_at", "2015-09-23 20:54:04.386548"]]
  [1m[35m (163.2ms)[0m  commit transaction
[ActiveJob] Enqueued ActionMailer::DeliveryJob (Job ID: bb81e328-2767-424e-855b-b24fe13387e6) to SuckerPunch(mailers) with arguments: "MainMailer", "notify_listing_author", "deliver_now", gid://hu/Bid/2
Unpermitted parameter: listing_id
Redirected to http://localhost:3000/listings/1
Completed 302 Found in 206ms (ActiveRecord: 164.2ms)
  [1m[36mBid Load (0.3ms)[0m  [1mSELECT  "bids".* FROM "bids" WHERE "bids"."id" = ? LIMIT 1[0m  [["id", 2]]
[ActiveJob] [ActionMailer::DeliveryJob] [bb81e328-2767-424e-855b-b24fe13387e6] Performing ActionMailer::DeliveryJob from SuckerPunch(mailers) with arguments: "MainMailer", "notify_listing_author", "deliver_now", gid://hu/Bid/2


Started GET "/listings/1" for ::1 at 2015-09-23 21:54:04 +0100
Processing by ListingsController#show as HTML
  Parameters: {"id"=>"1"}
  [1m[35mListing Load (0.3ms)[0m  SELECT  "listings".* FROM "listings" WHERE "listings"."id" = ? LIMIT 1  [["id", 1]]
  Rendered home/_new_bid_form.html.erb (0.3ms)
  [1m[36mBid Load (0.2ms)[0m  [1mSELECT "bids".* FROM "bids" WHERE "bids"."listing_id" = ?  ORDER BY "bids"."created_at" DESC[0m  [["listing_id", 1]]
  Rendered listings/show.html.erb within layouts/application (3.2ms)
  Rendered home/_navbar.html.erb (0.1ms)
  Rendered home/_new_listing_form.html.erb (0.3ms)
Completed 200 OK in 88ms (Views: 85.1ms | ActiveRecord: 0.6ms)
[ActiveJob] [ActionMailer::DeliveryJob] [bb81e328-2767-424e-855b-b24fe13387e6]   [1m[35mListing Load (0.2ms)[0m  SELECT  "listings".* FROM "listings" WHERE "listings"."id" = ? LIMIT 1  [["id", 1]]
[ActiveJob] [ActionMailer::DeliveryJob] [bb81e328-2767-424e-855b-b24fe13387e6]   Rendered main_mailer/notify_listing_author.html.erb within layouts/mailer (0.8ms)
[ActiveJob] [ActionMailer::DeliveryJob] [bb81e328-2767-424e-855b-b24fe13387e6]   Rendered main_mailer/notify_listing_author.text.erb within layouts/mailer (0.5ms)


Started GET "/" for ::1 at 2015-09-23 21:54:09 +0100
Processing by HomeController#index as HTML
  [1m[36mListing Load (0.2ms)[0m  [1mSELECT "listings".* FROM "listings"  ORDER BY "listings"."created_at" DESC[0m
  Rendered home/index.html.erb within layouts/application (1.7ms)
  Rendered home/_navbar.html.erb (0.4ms)
  Rendered home/_new_listing_form.html.erb (0.7ms)
Completed 200 OK in 54ms (Views: 53.6ms | ActiveRecord: 0.2ms)
[ActiveJob] [ActionMailer::DeliveryJob] [bb81e328-2767-424e-855b-b24fe13387e6] 
MainMailer#notify_listing_author: processed outbound mail in 5322.4ms
[ActiveJob] [ActionMailer::DeliveryJob] [bb81e328-2767-424e-855b-b24fe13387e6] 
Sent mail to gaukhar@gmail.com (9.6ms)
[ActiveJob] [ActionMailer::DeliveryJob] [bb81e328-2767-424e-855b-b24fe13387e6] Date: Wed, 23 Sep 2015 21:54:09 +0100
From: tim@gmail.com
To: gaukhar@gmail.com
Message-ID: <56031171e19d3_ab963fcb0078f70c298b3@Gaukhars-MacBook-Pro.local.mail>
Subject: New bid to your listing
Mime-Version: 1.0
Content-Type: multipart/alternative;
 boundary="--==_mimepart_56031171dff25_ab963fcb0078f70c297e1";
 charset=UTF-8
Content-Transfer-Encoding: 7bit


----==_mimepart_56031171dff25_ab963fcb0078f70c297e1
Content-Type: text/plain;
 charset=UTF-8
Content-Transfer-Encoding: quoted-printable

Hi,

My bid:

=C2=A3900000000000000000


----==_mimepart_56031171dff25_ab963fcb0078f70c297e1
Content-Type: text/html;
 charset=UTF-8
Content-Transfer-Encoding: quoted-printable

<html>
  <body>
    Hi,

<h3>My bid:</h3>

<p>
  =C2=A3900000000000000000
</p>

  </body>
</html>

----==_mimepart_56031171dff25_ab963fcb0078f70c297e1--

[ActiveJob] [ActionMailer::DeliveryJob] [bb81e328-2767-424e-855b-b24fe13387e6] Performed ActionMailer::DeliveryJob from SuckerPunch(mailers) in 5333.09ms


Started GET "/" for ::1 at 2015-09-23 21:54:15 +0100
Processing by HomeController#index as HTML
  [1m[35mListing Load (0.2ms)[0m  SELECT "listings".* FROM "listings"  ORDER BY "listings"."created_at" DESC
  Rendered home/index.html.erb within layouts/application (1.1ms)
  Rendered home/_navbar.html.erb (0.1ms)
  Rendered home/_new_listing_form.html.erb (0.3ms)
Completed 200 OK in 52ms (Views: 51.3ms | ActiveRecord: 0.2ms)


Started GET "/assets/bids-64e62ddc273c2f5847f30d698ca14b67.css?body=1" for ::1 at 2015-09-23 21:54:16 +0100


Started GET "/assets/listings-64e62ddc273c2f5847f30d698ca14b67.css?body=1" for ::1 at 2015-09-23 21:54:16 +0100


Started GET "/listings" for ::1 at 2015-09-23 21:54:16 +0100

AbstractController::ActionNotFound (The action 'index' could not be found for ListingsController):
  actionpack (4.2.1) lib/abstract_controller/base.rb:132:in `process'
  actionview (4.2.1) lib/action_view/rendering.rb:30:in `process'
  actionpack (4.2.1) lib/action_controller/metal.rb:196:in `dispatch'
  actionpack (4.2.1) lib/action_controller/metal/rack_delegation.rb:13:in `dispatch'
  actionpack (4.2.1) lib/action_controller/metal.rb:237:in `block in action'
  actionpack (4.2.1) lib/action_dispatch/routing/route_set.rb:74:in `call'
  actionpack (4.2.1) lib/action_dispatch/routing/route_set.rb:74:in `dispatch'
  actionpack (4.2.1) lib/action_dispatch/routing/route_set.rb:43:in `serve'
  actionpack (4.2.1) lib/action_dispatch/journey/router.rb:43:in `block in serve'
  actionpack (4.2.1) lib/action_dispatch/journey/router.rb:30:in `each'
  actionpack (4.2.1) lib/action_dispatch/journey/router.rb:30:in `serve'
  actionpack (4.2.1) lib/action_dispatch/routing/route_set.rb:819:in `call'
  rack (1.6.0) lib/rack/etag.rb:24:in `call'
  rack (1.6.0) lib/rack/conditionalget.rb:25:in `call'
  rack (1.6.0) lib/rack/head.rb:13:in `call'
  actionpack (4.2.1) lib/action_dispatch/middleware/params_parser.rb:27:in `call'
  actionpack (4.2.1) lib/action_dispatch/middleware/flash.rb:260:in `call'
  rack (1.6.0) lib/rack/session/abstract/id.rb:225:in `context'
  rack (1.6.0) lib/rack/session/abstract/id.rb:220:in `call'
  actionpack (4.2.1) lib/action_dispatch/middleware/cookies.rb:560:in `call'
  activerecord (4.2.1) lib/active_record/query_cache.rb:36:in `call'
  activerecord (4.2.1) lib/active_record/connection_adapters/abstract/connection_pool.rb:649:in `call'
  activerecord (4.2.1) lib/active_record/migration.rb:378:in `call'
  actionpack (4.2.1) lib/action_dispatch/middleware/callbacks.rb:29:in `block in call'
  activesupport (4.2.1) lib/active_support/callbacks.rb:88:in `call'
  activesupport (4.2.1) lib/active_support/callbacks.rb:88:in `_run_callbacks'
  activesupport (4.2.1) lib/active_support/callbacks.rb:776:in `_run_call_callbacks'
  activesupport (4.2.1) lib/active_support/callbacks.rb:81:in `run_callbacks'
  actionpack (4.2.1) lib/action_dispatch/middleware/callbacks.rb:27:in `call'
  actionpack (4.2.1) lib/action_dispatch/middleware/reloader.rb:73:in `call'
  actionpack (4.2.1) lib/action_dispatch/middleware/remote_ip.rb:78:in `call'
  actionpack (4.2.1) lib/action_dispatch/middleware/debug_exceptions.rb:17:in `call'
  web-console (2.1.2) lib/web_console/middleware.rb:37:in `call'
  actionpack (4.2.1) lib/action_dispatch/middleware/show_exceptions.rb:30:in `call'
  railties (4.2.1) lib/rails/rack/logger.rb:38:in `call_app'
  railties (4.2.1) lib/rails/rack/logger.rb:20:in `block in call'
  activesupport (4.2.1) lib/active_support/tagged_logging.rb:68:in `block in tagged'
  activesupport (4.2.1) lib/active_support/tagged_logging.rb:26:in `tagged'
  activesupport (4.2.1) lib/active_support/tagged_logging.rb:68:in `tagged'
  railties (4.2.1) lib/rails/rack/logger.rb:20:in `call'
  actionpack (4.2.1) lib/action_dispatch/middleware/request_id.rb:21:in `call'
  rack (1.6.0) lib/rack/methodoverride.rb:22:in `call'
  rack (1.6.0) lib/rack/runtime.rb:18:in `call'
  activesupport (4.2.1) lib/active_support/cache/strategy/local_cache_middleware.rb:28:in `call'
  rack (1.6.0) lib/rack/lock.rb:17:in `call'
  actionpack (4.2.1) lib/action_dispatch/middleware/static.rb:113:in `call'
  rack (1.6.0) lib/rack/sendfile.rb:113:in `call'
  railties (4.2.1) lib/rails/engine.rb:518:in `call'
  railties (4.2.1) lib/rails/application.rb:164:in `call'
  rack (1.6.0) lib/rack/lock.rb:17:in `call'
  rack (1.6.0) lib/rack/content_length.rb:15:in `call'
  rack (1.6.0) lib/rack/handler/webrick.rb:89:in `service'
  /Users/gaukharmassabayeva/.rvm/rubies/ruby-2.2.3/lib/ruby/2.2.0/webrick/httpserver.rb:138:in `service'
  /Users/gaukharmassabayeva/.rvm/rubies/ruby-2.2.3/lib/ruby/2.2.0/webrick/httpserver.rb:94:in `run'
  /Users/gaukharmassabayeva/.rvm/rubies/ruby-2.2.3/lib/ruby/2.2.0/webrick/server.rb:294:in `block in start_thread'


  Rendered /Users/gaukharmassabayeva/.rvm/gems/ruby-2.2.3/gems/actionpack-4.2.1/lib/action_dispatch/middleware/templates/rescues/unknown_action.html.erb within rescues/layout (0.5ms)
  Rendered /Users/gaukharmassabayeva/.rvm/gems/ruby-2.2.3/gems/web-console-2.1.2/lib/web_console/templates/_markup.html.erb (0.4ms)
  Rendered /Users/gaukharmassabayeva/.rvm/gems/ruby-2.2.3/gems/web-console-2.1.2/lib/web_console/templates/style.css.erb within layouts/inlined_string (0.3ms)
  Rendered /Users/gaukharmassabayeva/.rvm/gems/ruby-2.2.3/gems/web-console-2.1.2/lib/web_console/templates/_inner_console_markup.html.erb within layouts/inlined_string (0.4ms)
  Rendered /Users/gaukharmassabayeva/.rvm/gems/ruby-2.2.3/gems/web-console-2.1.2/lib/web_console/templates/_prompt_box_markup.html.erb within layouts/inlined_string (0.4ms)
  Rendered /Users/gaukharmassabayeva/.rvm/gems/ruby-2.2.3/gems/web-console-2.1.2/lib/web_console/templates/console.js.erb within layouts/javascript (51.0ms)
  Rendered /Users/gaukharmassabayeva/.rvm/gems/ruby-2.2.3/gems/web-console-2.1.2/lib/web_console/templates/main.js.erb within layouts/javascript (0.4ms)
  Rendered /Users/gaukharmassabayeva/.rvm/gems/ruby-2.2.3/gems/web-console-2.1.2/lib/web_console/templates/error_page.js.erb within layouts/javascript (0.4ms)
  Rendered /Users/gaukharmassabayeva/.rvm/gems/ruby-2.2.3/gems/web-console-2.1.2/lib/web_console/templates/index.html.erb (120.5ms)
Terminating 3 actors...
